app/build/outputs/logs/manifest-merger-debug-report.txt
-- Merging decision tree log ---
manifest
ADDED from src\main\AndroidManifest.xml:2:1-37:12
	package
		ADDED from src\main\AndroidManifest.xml:3:5-49
		INJECTED from src\main\AndroidManifest.xml
		INJECTED from src\main\AndroidManifest.xml
	android:versionName
		INJECTED from src\main\AndroidManifest.xml
		INJECTED from src\main\AndroidManifest.xml
	xmlns:android
		ADDED from src\main\AndroidManifest.xml:2:11-69
	android:versionCode
		INJECTED from src\main\AndroidManifest.xml
		INJECTED from src\main\AndroidManifest.xml
application
ADDED from src\main\AndroidManifest.xml:5:5-35:19
MERGED from [com.android.support:appcompat-v7:23.0.0] AndroidManifest.xml:22:5-20
MERGED from [com.android.support:support-v4:23.0.0] AndroidManifest.xml:22:5-20
MERGED from [com.android.support.constraint:constraint-layout:1.0.2] AndroidManifest.xml:9:5-20
	android:label
		ADDED from src\main\AndroidManifest.xml:9:9-41
	android:supportsRtl
		ADDED from src\main\AndroidManifest.xml:10:9-35
	android:allowBackup
		ADDED from src\main\AndroidManifest.xml:7:9-35
	android:icon
		ADDED from src\main\AndroidManifest.xml:8:9-43
	android:theme
		ADDED from src\main\AndroidManifest.xml:11:9-40
	android:name
		ADDED from src\main\AndroidManifest.xml:6:9-46
activity#com.example.aldoduha.ujikompetensi.activity.KYNLoginActivity
ADDED from src\main\AndroidManifest.xml:12:9-18:20
	android:name
		ADDED from src\main\AndroidManifest.xml:12:19-60
intent-filter#android.intent.action.MAIN+android.intent.category.LAUNCHER
ADDED from src\main\AndroidManifest.xml:13:13-17:29
action#android.intent.action.MAIN
ADDED from src\main\AndroidManifest.xml:14:17-69
	android:name
		ADDED from src\main\AndroidManifest.xml:14:25-66
category#android.intent.category.LAUNCHER
ADDED from src\main\AndroidManifest.xml:16:17-77
	android:name
		ADDED from src\main\AndroidManifest.xml:16:27-74
activity#com.example.aldoduha.ujikompetensi.activity.KYNHomeActivity
ADDED from src\main\AndroidManifest.xml:19:9-22:57
	android:windowSoftInputMode
		ADDED from src\main\AndroidManifest.xml:22:13-54
	android:configChanges
		ADDED from src\main\AndroidManifest.xml:21:13-63
	android:name
		ADDED from src\main\AndroidManifest.xml:20:13-53
activity#com.example.aldoduha.ujikompetensi.activity.KYNQuestionFormIdentityActivity
ADDED from src\main\AndroidManifest.xml:23:9-26:57
	android:windowSoftInputMode
		ADDED from src\main\AndroidManifest.xml:26:13-54
	android:configChanges
		ADDED from src\main\AndroidManifest.xml:25:13-63
	android:name
		ADDED from src\main\AndroidManifest.xml:24:13-69
activity#com.example.aldoduha.ujikompetensi.activity.KYNQuestionFormQuestionActivity
ADDED from src\main\AndroidManifest.xml:27:9-30:57
	android:windowSoftInputMode
		ADDED from src\main\AndroidManifest.xml:30:13-54
	android:configChanges
		ADDED from src\main\AndroidManifest.xml:29:13-63
	android:name
		ADDED from src\main\AndroidManifest.xml:28:13-69
activity#com.example.aldoduha.ujikompetensi.activity.KYNQuestionFormActivity
ADDED from src\main\AndroidManifest.xml:31:9-34:57
	android:windowSoftInputMode
		ADDED from src\main\AndroidManifest.xml:34:13-54
	android:configChanges
		ADDED from src\main\AndroidManifest.xml:33:13-63
	android:name
		ADDED from src\main\AndroidManifest.xml:32:13-61
uses-sdk
INJECTED from src\main\AndroidManifest.xml reason: use-sdk injection requested
MERGED from [com.android.support:appcompat-v7:23.0.0] AndroidManifest.xml:20:5-43
MERGED from [com.android.support:support-v4:23.0.0] AndroidManifest.xml:20:5-43
MERGED from [com.android.support.constraint:constraint-layout:1.0.2] AndroidManifest.xml:5:5-7:41
MERGED from [net.zetetic:android-database-sqlcipher:3.5.7] AndroidManifest.xml:3:3-40
	android:targetSdkVersion
		INJECTED from src\main\AndroidManifest.xml
		INJECTED from src\main\AndroidManifest.xml
	android:minSdkVersion
		INJECTED from src\main\AndroidManifest.xml
		INJECTED from src\main\AndroidManifest.xml